<?xml version="1.0" encoding="UTF-8"?>
<!-- Generated by org.testng.reporters.JUnitXMLReporter -->
<testsuite ignored="0" hostname="DESKTOP-48SH7KQ" failures="0" tests="1" name="test-2" time="12.35" errors="0" timestamp="2023-05-30T12:05:50 IST">
  <testcase classname="Testscrpts.AddResturant" name="Admin" time="8.25"/>
</testsuite> <!-- test-2 -->
