<?xml version="1.0" encoding="UTF-8"?>
<!-- Generated by org.testng.reporters.JUnitXMLReporter -->
<testsuite ignored="0" hostname="DESKTOP-48SH7KQ" failures="0" tests="1" name="Test-1" time="25.315" errors="0" timestamp="2023-05-30T12:05:38 IST">
  <testcase classname="Testscrpts.AddResturant" name="Admin" time="9.665"/>
</testsuite> <!-- Test-1 -->
