<?xml version="1.0" encoding="UTF-8"?>
<!-- Generated by org.testng.reporters.JUnitReportReporter -->
<testsuite hostname="DESKTOP-48SH7KQ" failures="0" tests="3" name="Practice.Dataprovider1$DataProvidertest" time="0.016" errors="0" timestamp="2023-05-24T07:30:57 IST" skipped="0">
  <testcase classname="Practice.Dataprovider1$DataProvidertest" name="getdata" time="0.002"/>
  <system-out/>
  <testcase classname="Practice.Dataprovider1$DataProvidertest" name="getdata" time="0.003"/>
  <system-out/>
  <testcase classname="Practice.Dataprovider1$DataProvidertest" name="getdata" time="0.011"/>
  <system-out/>
</testsuite> <!-- Practice.Dataprovider1$DataProvidertest -->
