<?xml version="1.0" encoding="UTF-8"?>
<!-- Generated by org.testng.reporters.JUnitReportReporter -->
<testsuite hostname="DESKTOP-48SH7KQ" failures="0" tests="2" name="Testscrpts.AddResturant" time="21.580" errors="0" timestamp="2023-05-30T12:05:50 IST" skipped="0">
  <testcase classname="Testscrpts.AddResturant" name="Admin" time="9.902"/>
  <system-out/>
  <testcase classname="Testscrpts.AddResturant" name="Admin" time="11.678"/>
  <system-out/>
</testsuite> <!-- Testscrpts.AddResturant -->
