<?xml version="1.0" encoding="UTF-8"?>
<!-- Generated by org.testng.reporters.JUnitReportReporter -->
<testsuite hostname="DESKTOP-48SH7KQ" failures="0" tests="2" name="Practice.testng" time="0.012" errors="0" timestamp="2023-05-23T17:13:51 IST" skipped="1">
  <testcase classname="Practice.testng" name="Delete" time="0.012"/>
  <system-out/>
  <testcase classname="Practice.testng" name="Update">
    <skipped/>
  </testcase> <!-- Update -->
  <system-out/>
</testsuite> <!-- Practice.testng -->
