<?xml version="1.0" encoding="UTF-8"?>
<!-- Generated by org.testng.reporters.JUnitReportReporter -->
<testsuite hostname="DESKTOP-48SH7KQ" failures="0" tests="3" name="Practice.Getdata1" time="0.022" errors="0" timestamp="2023-05-24T13:01:35 IST" skipped="0">
  <testcase classname="Practice.Getdata1" name="getData" time="0.002"/>
  <system-out/>
  <testcase classname="Practice.Getdata1" name="getData" time="0.010"/>
  <system-out/>
  <testcase classname="Practice.Getdata1" name="getData" time="0.010"/>
  <system-out/>
</testsuite> <!-- Practice.Getdata1 -->
