<?xml version="1.0" encoding="UTF-8"?>
<!-- Generated by org.testng.reporters.JUnitReportReporter -->
<testsuite hostname="DESKTOP-48SH7KQ" failures="0" tests="3" name="Practice.Getdata" time="0.014" errors="0" timestamp="2023-05-24T12:02:09 IST" skipped="0">
  <testcase classname="Practice.Getdata" name="getData" time="0.011"/>
  <system-out/>
  <testcase classname="Practice.Getdata" name="getData" time="0.002"/>
  <system-out/>
  <testcase classname="Practice.Getdata" name="getData" time="0.001"/>
  <system-out/>
</testsuite> <!-- Practice.Getdata -->
