<?xml version="1.0" encoding="UTF-8"?>
<!-- Generated by org.testng.reporters.JUnitReportReporter -->
<testsuite hostname="DESKTOP-48SH7KQ" failures="0" tests="5" name="Practice.Dataprovider2$DataProvidertest" time="0.062" errors="0" timestamp="2023-05-24T10:22:11 IST" skipped="0">
  <testcase classname="Practice.Dataprovider2$DataProvidertest" name="getdata" time="0.010"/>
  <system-out/>
  <testcase classname="Practice.Dataprovider2$DataProvidertest" name="getdata" time="0.032"/>
  <system-out/>
  <testcase classname="Practice.Dataprovider2$DataProvidertest" name="getdata" time="0.006"/>
  <system-out/>
  <testcase classname="Practice.Dataprovider2$DataProvidertest" name="getdata" time="0.003"/>
  <system-out/>
  <testcase classname="Practice.Dataprovider2$DataProvidertest" name="getdata" time="0.011"/>
  <system-out/>
</testsuite> <!-- Practice.Dataprovider2$DataProvidertest -->
