<?xml version="1.0" encoding="UTF-8"?>
<!-- Generated by org.testng.reporters.JUnitReportReporter -->
<testsuite hostname="DESKTOP-48SH7KQ" failures="0" tests="2" name="Practice.DataProvidertest" time="0.016" errors="0" timestamp="2023-05-24T07:24:16 IST" skipped="0">
  <testcase classname="Practice.DataProvidertest" name="getdata" time="0.014"/>
  <system-out/>
  <testcase classname="Practice.DataProvidertest" name="getdata" time="0.002"/>
  <system-out/>
</testsuite> <!-- Practice.DataProvidertest -->
