<?xml version="1.0" encoding="UTF-8"?>
<!-- Generated by org.testng.reporters.JUnitReportReporter -->
<testsuite hostname="DESKTOP-48SH7KQ" failures="0" tests="3" name="Practice.Excute1" time="0.025" errors="0" timestamp="2023-05-24T11:44:48 IST" skipped="0">
  <testcase classname="Practice.Excute1" name="getData" time="0.012"/>
  <system-out/>
  <testcase classname="Practice.Excute1" name="getData" time="0.003"/>
  <system-out/>
  <testcase classname="Practice.Excute1" name="getData" time="0.010"/>
  <system-out/>
</testsuite> <!-- Practice.Excute1 -->
